<?xml version="1.0" encoding="UTF-8"?>
<!-- Generated by org.testng.reporters.JUnitXMLReporter -->
<testsuite ignored="0" hostname="Abhinavs-MBP.attlocal.net" failures="0" tests="8" name="Default test" time="88.446" errors="0" timestamp="2024-10-05T08:10:32 CDT">
  <testcase classname="com.testscenarios.TS03_Addresses" name="TS_03_18" time="18.109"/>
  <testcase classname="com.testscenarios.TS03_Addresses" name="TS_03_19" time="4.265"/>
  <testcase classname="com.testscenarios.TS03_Addresses" name="TS_03_20" time="12.981"/>
  <testcase classname="com.testscenarios.TS03_Addresses" name="TS_03_21" time="10.673"/>
  <testcase classname="com.testscenarios.TS03_Addresses" name="TS_03_22" time="17.451"/>
  <testcase classname="com.testscenarios.TS03_Addresses" name="TS_03_23" time="11.742"/>
  <testcase classname="com.testscenarios.TS03_Addresses" name="TS_03_24" time="3.832"/>
  <testcase classname="com.testscenarios.TS03_Addresses" name="TS_03_25" time="9.318"/>
</testsuite> <!-- Default test -->
