<?xml version="1.0" encoding="UTF-8"?>
<!-- Generated by org.testng.reporters.JUnitXMLReporter -->
<testsuite ignored="0" hostname="SeenaReddy" failures="0" tests="6" name="Default test" time="28.707" errors="0" timestamp="2024-10-04T06:25:10 MDT">
  <testcase classname="com.testscenarios.TS_04_GuestUser" name="TS04_1" time="11.721"/>
  <testcase classname="com.testscenarios.TS_04_GuestUser" name="TS04_2" time="4.074"/>
  <testcase classname="com.testscenarios.TS_04_GuestUser" name="TS04_3" time="5.387"/>
  <testcase classname="com.testscenarios.TS_04_GuestUser" name="TS04_4" time="2.181"/>
  <testcase classname="com.testscenarios.TS_04_GuestUser" name="TS04_5" time="4.985"/>
  <testcase classname="com.testscenarios.TS_04_GuestUser" name="TS04_6" time="0.302"/>
</testsuite> <!-- Default test -->
