<?xml version="1.0" encoding="UTF-8"?>
<testng-results ignored="0" total="1" passed="1" failed="0" skipped="0">
  <reporter-output>
  </reporter-output>
  <suite started-at="2024-10-04T07:17:45 MDT" name="Default suite" finished-at="2024-10-04T07:18:08 MDT" duration-ms="23482">
    <groups>
    </groups>
    <test started-at="2024-10-04T07:17:45 MDT" name="Default test" finished-at="2024-10-04T07:18:08 MDT" duration-ms="23482">
      <class name="com.testscenarios.TS_02_LoginAndLogout">
        <test-method signature="f()[pri:0, instance:com.testscenarios.TS_02_LoginAndLogout@639c2c1d]" started-at="2024-10-04T07:17:45 MDT" name="f" finished-at="2024-10-04T07:18:08 MDT" duration-ms="23440" status="PASS">
          <reporter-output>
          </reporter-output>
        </test-method> <!-- f -->
      </class> <!-- com.testscenarios.TS_02_LoginAndLogout -->
    </test> <!-- Default test -->
  </suite> <!-- Default suite -->
</testng-results>
