<?xml version="1.0" encoding="UTF-8"?>
<testng-results ignored="0" total="6" passed="6" failed="0" skipped="0">
  <reporter-output>
  </reporter-output>
  <suite started-at="2024-10-04T06:24:41 MDT" name="Default suite" finished-at="2024-10-04T06:25:10 MDT" duration-ms="28707">
    <groups>
    </groups>
    <test started-at="2024-10-04T06:24:41 MDT" name="Default test" finished-at="2024-10-04T06:25:10 MDT" duration-ms="28707">
      <class name="com.testscenarios.TS_04_GuestUser">
        <test-method signature="TS04_1()[pri:0, instance:com.testscenarios.TS_04_GuestUser@74235045]" started-at="2024-10-04T06:24:41 MDT" name="TS04_1" finished-at="2024-10-04T06:24:53 MDT" duration-ms="11721" status="PASS">
          <reporter-output>
          </reporter-output>
        </test-method> <!-- TS04_1 -->
        <test-method signature="TS04_2()[pri:0, instance:com.testscenarios.TS_04_GuestUser@74235045]" started-at="2024-10-04T06:24:53 MDT" name="TS04_2" finished-at="2024-10-04T06:24:57 MDT" duration-ms="4074" status="PASS">
          <reporter-output>
          </reporter-output>
        </test-method> <!-- TS04_2 -->
        <test-method signature="TS04_3()[pri:0, instance:com.testscenarios.TS_04_GuestUser@74235045]" started-at="2024-10-04T06:24:57 MDT" name="TS04_3" finished-at="2024-10-04T06:25:02 MDT" duration-ms="5387" status="PASS">
          <reporter-output>
          </reporter-output>
        </test-method> <!-- TS04_3 -->
        <test-method signature="TS04_4()[pri:0, instance:com.testscenarios.TS_04_GuestUser@74235045]" started-at="2024-10-04T06:25:02 MDT" name="TS04_4" finished-at="2024-10-04T06:25:04 MDT" duration-ms="2181" status="PASS">
          <reporter-output>
          </reporter-output>
        </test-method> <!-- TS04_4 -->
        <test-method signature="TS04_5()[pri:0, instance:com.testscenarios.TS_04_GuestUser@74235045]" started-at="2024-10-04T06:25:04 MDT" name="TS04_5" finished-at="2024-10-04T06:25:09 MDT" duration-ms="4985" status="PASS">
          <reporter-output>
          </reporter-output>
        </test-method> <!-- TS04_5 -->
        <test-method signature="TS04_6()[pri:0, instance:com.testscenarios.TS_04_GuestUser@74235045]" started-at="2024-10-04T06:25:09 MDT" name="TS04_6" finished-at="2024-10-04T06:25:10 MDT" duration-ms="302" status="PASS">
          <reporter-output>
          </reporter-output>
        </test-method> <!-- TS04_6 -->
      </class> <!-- com.testscenarios.TS_04_GuestUser -->
    </test> <!-- Default test -->
  </suite> <!-- Default suite -->
</testng-results>
