<?xml version="1.0" encoding="UTF-8"?>
<testng-results ignored="0" total="6" passed="6" failed="0" skipped="0">
  <reporter-output>
  </reporter-output>
  <suite started-at="2024-10-15T07:56:39 EDT" name="Default suite" finished-at="2024-10-15T07:58:24 EDT" duration-ms="104597">
    <groups>
    </groups>
    <test started-at="2024-10-15T07:56:39 EDT" name="Default test" finished-at="2024-10-15T07:58:24 EDT" duration-ms="104597">
      <class name="com.testscenarios.TS_04_GuestUser">
        <test-method signature="TS04_1()[pri:0, instance:com.testscenarios.TS_04_GuestUser@1c5920df]" started-at="2024-10-15T07:56:40 EDT" name="TS04_1" finished-at="2024-10-15T07:57:33 EDT" duration-ms="53335" status="PASS">
          <reporter-output>
          </reporter-output>
        </test-method> <!-- TS04_1 -->
        <test-method signature="TS04_2()[pri:0, instance:com.testscenarios.TS_04_GuestUser@1c5920df]" started-at="2024-10-15T07:57:33 EDT" name="TS04_2" finished-at="2024-10-15T07:57:50 EDT" duration-ms="17476" status="PASS">
          <reporter-output>
          </reporter-output>
        </test-method> <!-- TS04_2 -->
        <test-method signature="TS04_3()[pri:0, instance:com.testscenarios.TS_04_GuestUser@1c5920df]" started-at="2024-10-15T07:57:50 EDT" name="TS04_3" finished-at="2024-10-15T07:58:15 EDT" duration-ms="24194" status="PASS">
          <reporter-output>
          </reporter-output>
        </test-method> <!-- TS04_3 -->
        <test-method signature="TS04_4()[pri:0, instance:com.testscenarios.TS_04_GuestUser@1c5920df]" started-at="2024-10-15T07:58:15 EDT" name="TS04_4" finished-at="2024-10-15T07:58:17 EDT" duration-ms="2502" status="PASS">
          <reporter-output>
          </reporter-output>
        </test-method> <!-- TS04_4 -->
        <test-method signature="TS04_5()[pri:0, instance:com.testscenarios.TS_04_GuestUser@1c5920df]" started-at="2024-10-15T07:58:17 EDT" name="TS04_5" finished-at="2024-10-15T07:58:24 EDT" duration-ms="6534" status="PASS">
          <reporter-output>
          </reporter-output>
        </test-method> <!-- TS04_5 -->
        <test-method signature="TS04_6()[pri:0, instance:com.testscenarios.TS_04_GuestUser@1c5920df]" started-at="2024-10-15T07:58:24 EDT" name="TS04_6" finished-at="2024-10-15T07:58:24 EDT" duration-ms="424" status="PASS">
          <reporter-output>
          </reporter-output>
        </test-method> <!-- TS04_6 -->
      </class> <!-- com.testscenarios.TS_04_GuestUser -->
    </test> <!-- Default test -->
  </suite> <!-- Default suite -->
</testng-results>
