<?xml version="1.0" encoding="UTF-8"?>
<testng-results ignored="0" total="8" passed="8" failed="0" skipped="0">
  <reporter-output>
  </reporter-output>
  <suite started-at="2024-10-05T08:09:04 CDT" name="Default suite" finished-at="2024-10-05T08:10:32 CDT" duration-ms="88446">
    <groups>
    </groups>
    <test started-at="2024-10-05T08:09:04 CDT" name="Default test" finished-at="2024-10-05T08:10:32 CDT" duration-ms="88446">
      <class name="com.testscenarios.TS03_Addresses">
        <test-method signature="TS_03_18()[pri:0, instance:com.testscenarios.TS03_Addresses@59474f18]" started-at="2024-10-05T08:09:04 CDT" name="TS_03_18" finished-at="2024-10-05T08:09:22 CDT" duration-ms="18109" status="PASS">
          <reporter-output>
          </reporter-output>
        </test-method> <!-- TS_03_18 -->
        <test-method signature="TS_03_19()[pri:0, instance:com.testscenarios.TS03_Addresses@59474f18]" started-at="2024-10-05T08:09:22 CDT" name="TS_03_19" finished-at="2024-10-05T08:09:26 CDT" duration-ms="4265" status="PASS">
          <reporter-output>
          </reporter-output>
        </test-method> <!-- TS_03_19 -->
        <test-method signature="TS_03_20()[pri:0, instance:com.testscenarios.TS03_Addresses@59474f18]" started-at="2024-10-05T08:09:26 CDT" name="TS_03_20" finished-at="2024-10-05T08:09:39 CDT" duration-ms="12981" status="PASS">
          <reporter-output>
          </reporter-output>
        </test-method> <!-- TS_03_20 -->
        <test-method signature="TS_03_21()[pri:0, instance:com.testscenarios.TS03_Addresses@59474f18]" started-at="2024-10-05T08:09:39 CDT" name="TS_03_21" finished-at="2024-10-05T08:09:50 CDT" duration-ms="10673" status="PASS">
          <reporter-output>
          </reporter-output>
        </test-method> <!-- TS_03_21 -->
        <test-method signature="TS_03_22()[pri:0, instance:com.testscenarios.TS03_Addresses@59474f18]" started-at="2024-10-05T08:09:50 CDT" name="TS_03_22" finished-at="2024-10-05T08:10:07 CDT" duration-ms="17451" status="PASS">
          <reporter-output>
          </reporter-output>
        </test-method> <!-- TS_03_22 -->
        <test-method signature="TS_03_23()[pri:0, instance:com.testscenarios.TS03_Addresses@59474f18]" started-at="2024-10-05T08:10:07 CDT" name="TS_03_23" finished-at="2024-10-05T08:10:19 CDT" duration-ms="11742" status="PASS">
          <reporter-output>
          </reporter-output>
        </test-method> <!-- TS_03_23 -->
        <test-method signature="TS_03_24()[pri:0, instance:com.testscenarios.TS03_Addresses@59474f18]" started-at="2024-10-05T08:10:19 CDT" name="TS_03_24" finished-at="2024-10-05T08:10:23 CDT" duration-ms="3832" status="PASS">
          <reporter-output>
          </reporter-output>
        </test-method> <!-- TS_03_24 -->
        <test-method signature="TS_03_25()[pri:0, instance:com.testscenarios.TS03_Addresses@59474f18]" started-at="2024-10-05T08:10:23 CDT" name="TS_03_25" finished-at="2024-10-05T08:10:32 CDT" duration-ms="9318" status="PASS">
          <reporter-output>
          </reporter-output>
        </test-method> <!-- TS_03_25 -->
      </class> <!-- com.testscenarios.TS03_Addresses -->
    </test> <!-- Default test -->
  </suite> <!-- Default suite -->
</testng-results>
