<?xml version="1.0" encoding="UTF-8"?>
<testng-results ignored="0" total="1" passed="1" failed="0" skipped="0">
  <reporter-output>
  </reporter-output>
  <suite started-at="2024-10-02T06:45:07 MDT" name="Default suite" finished-at="2024-10-02T06:45:17 MDT" duration-ms="10057">
    <groups>
    </groups>
    <test started-at="2024-10-02T06:45:07 MDT" name="Default test" finished-at="2024-10-02T06:45:17 MDT" duration-ms="10057">
      <class name="com.testscenarios.Srini_TS_04_GuestUSer">
        <test-method signature="f()[pri:0, instance:com.testscenarios.Srini_TS_04_GuestUSer@515c6049]" started-at="2024-10-02T06:45:07 MDT" name="f" finished-at="2024-10-02T06:45:17 MDT" duration-ms="10020" status="PASS">
          <reporter-output>
          </reporter-output>
        </test-method> <!-- f -->
      </class> <!-- com.testscenarios.Srini_TS_04_GuestUSer -->
    </test> <!-- Default test -->
  </suite> <!-- Default suite -->
</testng-results>
